[debug] [2023-06-15T15:31:32.412Z] ----------------------------------------------------------------------
[debug] [2023-06-15T15:31:32.414Z] Command:       C:\Program Files\nodejs\node.exe C:\Users\Alina\AppData\Roaming\npm\node_modules\firebase-tools\lib\bin\firebase.js init
[debug] [2023-06-15T15:31:32.414Z] CLI Version:   12.3.0
[debug] [2023-06-15T15:31:32.415Z] Platform:      win32
[debug] [2023-06-15T15:31:32.415Z] Node Version:  v18.14.1
[debug] [2023-06-15T15:31:32.416Z] Time:          Thu Jun 15 2023 18:31:32 GMT+0300 (Восточная Европа, летнее время)
[debug] [2023-06-15T15:31:32.416Z] ----------------------------------------------------------------------
[debug] 
[debug] [2023-06-15T15:31:32.419Z] >>> [apiv2][query] GET https://firebase-public.firebaseio.com/cli.json [none]
[debug] [2023-06-15T15:31:32.473Z] > command requires scopes: ["email","openid","https://www.googleapis.com/auth/cloudplatformprojects.readonly","https://www.googleapis.com/auth/firebase","https://www.googleapis.com/auth/cloud-platform"]
[debug] [2023-06-15T15:31:32.474Z] > authorizing via signed-in user (egortimchenko94@gmail.com)
[info] 
     ######## #### ########  ######## ########     ###     ######  ########
     ##        ##  ##     ## ##       ##     ##  ##   ##  ##       ##
     ######    ##  ########  ######   ########  #########  ######  ######
     ##        ##  ##    ##  ##       ##     ## ##     ##       ## ##
     ##       #### ##     ## ######## ########  ##     ##  ######  ########

You're about to initialize a Firebase project in this directory:

  D:\EGOR\skillup\home-work\angular-tour-of-heroes

[debug] [2023-06-15T15:31:32.897Z] <<< [apiv2][status] GET https://firebase-public.firebaseio.com/cli.json 200
[debug] [2023-06-15T15:31:32.898Z] <<< [apiv2][body] GET https://firebase-public.firebaseio.com/cli.json {"cloudBuildErrorAfter":1594252800000,"cloudBuildWarnAfter":1590019200000,"defaultNode10After":1594252800000,"minVersion":"3.0.5","node8DeploysDisabledAfter":1613390400000,"node8RuntimeDisabledAfter":1615809600000,"node8WarnAfter":1600128000000}
